This is pdfTeX, Version 3.14159265-2.6-1.40.18 (TeX Live 2017/Debian) (preloaded format=pdflatex 2018.11.16)  6 MAY 2019 21:39
entering extended mode
 restricted \write18 enabled.
 %&-line parsing enabled.
**report.tex
(./report.tex
LaTeX2e <2017-04-15>
Babel <3.18> and hyphenation patterns for 84 language(s) loaded.
(/usr/share/texlive/texmf-dist/tex/latex/base/article.cls
Document Class: article 2014/09/29 v1.4h Standard LaTeX document class
(/usr/share/texlive/texmf-dist/tex/latex/base/size11.clo
File: size11.clo 2014/09/29 v1.4h Standard LaTeX file (size option)
)
\c@part=\count79
\c@section=\count80
\c@subsection=\count81
\c@subsubsection=\count82
\c@paragraph=\count83
\c@subparagraph=\count84
\c@figure=\count85
\c@table=\count86
\abovecaptionskip=\skip41
\belowcaptionskip=\skip42
\bibindent=\dimen102
)
(/usr/share/texlive/texmf-dist/tex/latex/hyperref/hyperref.sty
Package: hyperref 2018/02/06 v6.86b Hypertext links for LaTeX

(/usr/share/texlive/texmf-dist/tex/generic/oberdiek/hobsub-hyperref.sty
Package: hobsub-hyperref 2016/05/16 v1.14 Bundle oberdiek, subset hyperref (HO)


(/usr/share/texlive/texmf-dist/tex/generic/oberdiek/hobsub-generic.sty
Package: hobsub-generic 2016/05/16 v1.14 Bundle oberdiek, subset generic (HO)
Package: hobsub 2016/05/16 v1.14 Construct package bundles (HO)
Package: infwarerr 2016/05/16 v1.4 Providing info/warning/error messages (HO)
Package: ltxcmds 2016/05/16 v1.23 LaTeX kernel commands for general use (HO)
Package: ifluatex 2016/05/16 v1.4 Provides the ifluatex switch (HO)
Package ifluatex Info: LuaTeX not detected.
Package: ifvtex 2016/05/16 v1.6 Detect VTeX and its facilities (HO)
Package ifvtex Info: VTeX not detected.
Package: intcalc 2016/05/16 v1.2 Expandable calculations with integers (HO)
Package: ifpdf 2017/03/15 v3.2 Provides the ifpdf switch
Package: etexcmds 2016/05/16 v1.6 Avoid name clashes with e-TeX commands (HO)
Package etexcmds Info: Could not find \expanded.
(etexcmds)             That can mean that you are not using pdfTeX 1.50 or
(etexcmds)             that some package has redefined \expanded.
(etexcmds)             In the latter case, load this package earlier.
Package: kvsetkeys 2016/05/16 v1.17 Key value parser (HO)
Package: kvdefinekeys 2016/05/16 v1.4 Define keys (HO)
Package: pdftexcmds 2018/01/21 v0.26 Utility functions of pdfTeX for LuaTeX (HO
)
Package pdftexcmds Info: LuaTeX not detected.
Package pdftexcmds Info: \pdf@primitive is available.
Package pdftexcmds Info: \pdf@ifprimitive is available.
Package pdftexcmds Info: \pdfdraftmode found.
Package: pdfescape 2016/05/16 v1.14 Implements pdfTeX's escape features (HO)
Package: bigintcalc 2016/05/16 v1.4 Expandable calculations on big integers (HO
)
Package: bitset 2016/05/16 v1.2 Handle bit-vector datatype (HO)
Package: uniquecounter 2016/05/16 v1.3 Provide unlimited unique counter (HO)
)
Package hobsub Info: Skipping package `hobsub' (already loaded).
Package: letltxmacro 2016/05/16 v1.5 Let assignment for LaTeX macros (HO)
Package: hopatch 2016/05/16 v1.3 Wrapper for package hooks (HO)
Package: xcolor-patch 2016/05/16 xcolor patch
Package: atveryend 2016/05/16 v1.9 Hooks at the very end of document (HO)
Package atveryend Info: \enddocument detected (standard20110627).
Package: atbegshi 2016/06/09 v1.18 At begin shipout hook (HO)
Package: refcount 2016/05/16 v3.5 Data extraction from label references (HO)
Package: hycolor 2016/05/16 v1.8 Color options for hyperref/bookmark (HO)
)
(/usr/share/texlive/texmf-dist/tex/latex/graphics/keyval.sty
Package: keyval 2014/10/28 v1.15 key=value parser (DPC)
\KV@toks@=\toks14
)
(/usr/share/texlive/texmf-dist/tex/generic/ifxetex/ifxetex.sty
Package: ifxetex 2010/09/12 v0.6 Provides ifxetex conditional
)
(/usr/share/texlive/texmf-dist/tex/latex/oberdiek/auxhook.sty
Package: auxhook 2016/05/16 v1.4 Hooks for auxiliary files (HO)
)
(/usr/share/texlive/texmf-dist/tex/latex/oberdiek/kvoptions.sty
Package: kvoptions 2016/05/16 v3.12 Key value format for package options (HO)
)
\@linkdim=\dimen103
\Hy@linkcounter=\count87
\Hy@pagecounter=\count88

(/usr/share/texlive/texmf-dist/tex/latex/hyperref/pd1enc.def
File: pd1enc.def 2018/02/06 v6.86b Hyperref: PDFDocEncoding definition (HO)
)
\Hy@SavedSpaceFactor=\count89

(/usr/share/texlive/texmf-dist/tex/latex/latexconfig/hyperref.cfg
File: hyperref.cfg 2002/06/06 v1.2 hyperref configuration of TeXLive
)
Package hyperref Info: Hyper figures OFF on input line 4509.
Package hyperref Info: Link nesting OFF on input line 4514.
Package hyperref Info: Hyper index ON on input line 4517.
Package hyperref Info: Plain pages OFF on input line 4524.
Package hyperref Info: Backreferencing OFF on input line 4529.
Package hyperref Info: Implicit mode ON; LaTeX internals redefined.
Package hyperref Info: Bookmarks ON on input line 4762.
\c@Hy@tempcnt=\count90

(/usr/share/texlive/texmf-dist/tex/latex/url/url.sty
\Urlmuskip=\muskip10
Package: url 2013/09/16  ver 3.4  Verb mode for urls, etc.
)
LaTeX Info: Redefining \url on input line 5115.
\XeTeXLinkMargin=\dimen104
\Fld@menulength=\count91
\Field@Width=\dimen105
\Fld@charsize=\dimen106
Package hyperref Info: Hyper figures OFF on input line 6369.
Package hyperref Info: Link nesting OFF on input line 6374.
Package hyperref Info: Hyper index ON on input line 6377.
Package hyperref Info: backreferencing OFF on input line 6384.
Package hyperref Info: Link coloring OFF on input line 6389.
Package hyperref Info: Link coloring with OCG OFF on input line 6394.
Package hyperref Info: PDF/A mode OFF on input line 6399.
LaTeX Info: Redefining \ref on input line 6439.
LaTeX Info: Redefining \pageref on input line 6443.
\Hy@abspage=\count92
\c@Item=\count93
\c@Hfootnote=\count94
)
Package hyperref Info: Driver (autodetected): hpdftex.

(/usr/share/texlive/texmf-dist/tex/latex/hyperref/hpdftex.def
File: hpdftex.def 2018/02/06 v6.86b Hyperref driver for pdfTeX
\Fld@listcount=\count95
\c@bookmark@seq@number=\count96

(/usr/share/texlive/texmf-dist/tex/latex/oberdiek/rerunfilecheck.sty
Package: rerunfilecheck 2016/05/16 v1.8 Rerun checks for auxiliary files (HO)
Package uniquecounter Info: New unique counter `rerunfilecheck' on input line 2
82.
)
\Hy@SectionHShift=\skip43
)
(/usr/share/texlive/texmf-dist/tex/latex/graphics/graphicx.sty
Package: graphicx 2017/06/01 v1.1a Enhanced LaTeX Graphics (DPC,SPQR)

(/usr/share/texlive/texmf-dist/tex/latex/graphics/graphics.sty
Package: graphics 2017/06/25 v1.2c Standard LaTeX Graphics (DPC,SPQR)

(/usr/share/texlive/texmf-dist/tex/latex/graphics/trig.sty
Package: trig 2016/01/03 v1.10 sin cos tan (DPC)
)
(/usr/share/texlive/texmf-dist/tex/latex/graphics-cfg/graphics.cfg
File: graphics.cfg 2016/06/04 v1.11 sample graphics configuration
)
Package graphics Info: Driver file: pdftex.def on input line 99.

(/usr/share/texlive/texmf-dist/tex/latex/graphics-def/pdftex.def
File: pdftex.def 2018/01/08 v1.0l Graphics/color driver for pdftex
))
\Gin@req@height=\dimen107
\Gin@req@width=\dimen108
)
(./report.aux)
\openout1 = `report.aux'.

LaTeX Font Info:    Checking defaults for OML/cmm/m/it on input line 8.
LaTeX Font Info:    ... okay on input line 8.
LaTeX Font Info:    Checking defaults for T1/cmr/m/n on input line 8.
LaTeX Font Info:    ... okay on input line 8.
LaTeX Font Info:    Checking defaults for OT1/cmr/m/n on input line 8.
LaTeX Font Info:    ... okay on input line 8.
LaTeX Font Info:    Checking defaults for OMS/cmsy/m/n on input line 8.
LaTeX Font Info:    ... okay on input line 8.
LaTeX Font Info:    Checking defaults for OMX/cmex/m/n on input line 8.
LaTeX Font Info:    ... okay on input line 8.
LaTeX Font Info:    Checking defaults for U/cmr/m/n on input line 8.
LaTeX Font Info:    ... okay on input line 8.
LaTeX Font Info:    Checking defaults for PD1/pdf/m/n on input line 8.
LaTeX Font Info:    ... okay on input line 8.
\AtBeginShipoutBox=\box26
Package hyperref Info: Link coloring OFF on input line 8.
 (/usr/share/texlive/texmf-dist/tex/latex/hyperref/nameref.sty
Package: nameref 2016/05/21 v2.44 Cross-referencing by name of section

(/usr/share/texlive/texmf-dist/tex/generic/oberdiek/gettitlestring.sty
Package: gettitlestring 2016/05/16 v1.5 Cleanup title references (HO)
)
\c@section@level=\count97
)
LaTeX Info: Redefining \ref on input line 8.
LaTeX Info: Redefining \pageref on input line 8.
LaTeX Info: Redefining \nameref on input line 8.

(./report.out) (./report.out)
\@outlinefile=\write3
\openout3 = `report.out'.


(/usr/share/texlive/texmf-dist/tex/context/base/mkii/supp-pdf.mkii
[Loading MPS to PDF converter (version 2006.09.02).]
\scratchcounter=\count98
\scratchdimen=\dimen109
\scratchbox=\box27
\nofMPsegments=\count99
\nofMParguments=\count100
\everyMPshowfont=\toks15
\MPscratchCnt=\count101
\MPscratchDim=\dimen110
\MPnumerator=\count102
\makeMPintoPDFobject=\count103
\everyMPtoPDFconversion=\toks16
) (/usr/share/texlive/texmf-dist/tex/latex/oberdiek/epstopdf-base.sty
Package: epstopdf-base 2016/05/15 v2.6 Base part for package epstopdf

(/usr/share/texlive/texmf-dist/tex/latex/oberdiek/grfext.sty
Package: grfext 2016/05/16 v1.2 Manage graphics extensions (HO)
)
Package epstopdf-base Info: Redefining graphics rule for `.eps' on input line 4
38.
Package grfext Info: Graphics extension search list:
(grfext)             [.pdf,.png,.jpg,.mps,.jpeg,.jbig2,.jb2,.PDF,.PNG,.JPG,.JPE
G,.JBIG2,.JB2,.eps]
(grfext)             \AppendGraphicsExtensions on input line 456.

(/usr/share/texlive/texmf-dist/tex/latex/latexconfig/epstopdf-sys.cfg
File: epstopdf-sys.cfg 2010/07/13 v1.3 Configuration of (r)epstopdf for TeX Liv
e
))
LaTeX Font Info:    External font `cmex10' loaded for size
(Font)              <12> on input line 14.
LaTeX Font Info:    External font `cmex10' loaded for size
(Font)              <8> on input line 14.
LaTeX Font Info:    External font `cmex10' loaded for size
(Font)              <6> on input line 14.
LaTeX Font Info:    External font `cmex10' loaded for size
(Font)              <7> on input line 29.
LaTeX Font Info:    External font `cmex10' loaded for size
(Font)              <5> on input line 29.

[1

{/var/lib/texmf/fonts/map/pdftex/updmap/pdftex.map}]
Underfull \hbox (badness 10000) in paragraph at lines 58--59

 []

<../gfx/pop.png, id=47, 392.46625pt x 266.9975pt>
File: ../gfx/pop.png Graphic file (type png)
<use ../gfx/pop.png>
Package pdftex.def Info: ../gfx/pop.png  used on input line 66.
(pdftex.def)             Requested size: 168.75719pt x 114.80667pt.
<../gfx/area.png, id=49, 390.45876pt x 266.9975pt>
File: ../gfx/area.png Graphic file (type png)
<use ../gfx/area.png>
Package pdftex.def Info: ../gfx/area.png  used on input line 67.
(pdftex.def)             Requested size: 167.89398pt x 114.80667pt.
<../gfx/avg_age.png, id=50, 392.46625pt x 265.99374pt>
File: ../gfx/avg_age.png Graphic file (type png)
<use ../gfx/avg_age.png>
Package pdftex.def Info: ../gfx/avg_age.png  used on input line 68.
(pdftex.def)             Requested size: 168.75719pt x 114.37508pt.
<../gfx/house_price.png, id=51, 384.43625pt x 266.9975pt>
File: ../gfx/house_price.png Graphic file (type png)
<use ../gfx/house_price.png>
Package pdftex.def Info: ../gfx/house_price.png  used on input line 69.
(pdftex.def)             Requested size: 165.30435pt x 114.80667pt.
<../gfx/business.png, id=52, 390.45876pt x 266.9975pt>
File: ../gfx/business.png Graphic file (type png)
<use ../gfx/business.png>
Package pdftex.def Info: ../gfx/business.png  used on input line 70.
(pdftex.def)             Requested size: 167.89398pt x 114.80667pt.
<../gfx/business_profile.png, id=53, 392.46625pt x 266.9975pt>
File: ../gfx/business_profile.png Graphic file (type png)
<use ../gfx/business_profile.png>
Package pdftex.def Info: ../gfx/business_profile.png  used on input line 71.
(pdftex.def)             Requested size: 168.75719pt x 114.80667pt.
<../gfx/quals.png, id=54, 392.46625pt x 266.9975pt>
File: ../gfx/quals.png Graphic file (type png)
<use ../gfx/quals.png>
Package pdftex.def Info: ../gfx/quals.png  used on input line 72.
(pdftex.def)             Requested size: 168.75719pt x 114.80667pt.
<../gfx/amenity.png, id=55, 392.46625pt x 266.9975pt>
File: ../gfx/amenity.png Graphic file (type png)
<use ../gfx/amenity.png>
Package pdftex.def Info: ../gfx/amenity.png  used on input line 73.
(pdftex.def)             Requested size: 168.75719pt x 114.80667pt.
<../gfx/cluster0.png, id=56, 357.335pt x 361.35pt>
File: ../gfx/cluster0.png Graphic file (type png)
<use ../gfx/cluster0.png>
Package pdftex.def Info: ../gfx/cluster0.png  used on input line 80.
(pdftex.def)             Requested size: 114.34953pt x 115.63435pt.
<../gfx/cluster1.png, id=57, 357.335pt x 361.35pt>
File: ../gfx/cluster1.png Graphic file (type png)
<use ../gfx/cluster1.png>
Package pdftex.def Info: ../gfx/cluster1.png  used on input line 81.
(pdftex.def)             Requested size: 114.34953pt x 115.63435pt.
<../gfx/cluster2.png, id=58, 357.335pt x 363.3575pt>
File: ../gfx/cluster2.png Graphic file (type png)
<use ../gfx/cluster2.png>
Package pdftex.def Info: ../gfx/cluster2.png  used on input line 82.
(pdftex.def)             Requested size: 114.34953pt x 116.27676pt.
<../gfx/cluster3.png, id=59, 386.44376pt x 363.3575pt>
File: ../gfx/cluster3.png Graphic file (type png)
<use ../gfx/cluster3.png>
Package pdftex.def Info: ../gfx/cluster3.png  used on input line 83.
(pdftex.def)             Requested size: 123.66452pt x 116.27676pt.
<../gfx/cluster4.png, id=60, 357.335pt x 363.3575pt>
File: ../gfx/cluster4.png Graphic file (type png)
<use ../gfx/cluster4.png>
Package pdftex.def Info: ../gfx/cluster4.png  used on input line 84.
(pdftex.def)             Requested size: 114.34953pt x 116.27676pt.
<../gfx/cluster5.png, id=61, 357.335pt x 363.3575pt>
File: ../gfx/cluster5.png Graphic file (type png)
<use ../gfx/cluster5.png>
Package pdftex.def Info: ../gfx/cluster5.png  used on input line 85.
(pdftex.def)             Requested size: 114.34953pt x 116.27676pt.
<../gfx/cluster6.png, id=62, 357.335pt x 365.365pt>
File: ../gfx/cluster6.png Graphic file (type png)
<use ../gfx/cluster6.png>
Package pdftex.def Info: ../gfx/cluster6.png  used on input line 86.
(pdftex.def)             Requested size: 114.34953pt x 116.91919pt.
[2] [3 <../gfx/pop.png> <../gfx/area.png> <../gfx/avg_age.png> <../gfx/house_pr
ice.png> <../gfx/business.png> <../gfx/business_profile.png> <../gfx/quals.png>
 <../gfx/amenity.png>] [4 <../gfx/cluster0.png> <../gfx/cluster1.png> <../gfx/c
luster2.png> <../gfx/cluster3.png> <../gfx/cluster4.png> <../gfx/cluster5.png> 
<../gfx/cluster6.png>]
<../gfx/elbow0.png, id=103, 624.3325pt x 334.24875pt>
File: ../gfx/elbow0.png Graphic file (type png)
<use ../gfx/elbow0.png>
Package pdftex.def Info: ../gfx/elbow0.png  used on input line 93.
(pdftex.def)             Requested size: 312.16548pt x 167.12396pt.

Overfull \hbox (6.9156pt too wide) in paragraph at lines 93--94
 [] 
 []

<../gfx/cluster_dist0.png, id=104, 620.3175pt x 324.21124pt>
File: ../gfx/cluster_dist0.png Graphic file (type png)
<use ../gfx/cluster_dist0.png>
Package pdftex.def Info: ../gfx/cluster_dist0.png  used on input line 99.
(pdftex.def)             Requested size: 248.1226pt x 129.68219pt.
<../gfx/elbow1.png, id=105, 624.3325pt x 334.24875pt>
File: ../gfx/elbow1.png Graphic file (type png)
<use ../gfx/elbow1.png>
Package pdftex.def Info: ../gfx/elbow1.png  used on input line 105.
(pdftex.def)             Requested size: 312.16548pt x 167.12396pt.

Overfull \hbox (6.9156pt too wide) in paragraph at lines 105--106
 [] 
 []

[5 <../gfx/elbow0.png> <../gfx/cluster_dist0.png>]
<../gfx/cluster_dist1.png, id=112, 614.295pt x 324.21124pt>
File: ../gfx/cluster_dist1.png Graphic file (type png)
<use ../gfx/cluster_dist1.png>
Package pdftex.def Info: ../gfx/cluster_dist1.png  used on input line 111.
(pdftex.def)             Requested size: 245.71364pt x 129.68219pt.
<../gfx/cluster_colour.png, id=113, 581.17125pt x 583.17876pt>
File: ../gfx/cluster_colour.png Graphic file (type png)
<use ../gfx/cluster_colour.png>
Package pdftex.def Info: ../gfx/cluster_colour.png  used on input line 120.
(pdftex.def)             Requested size: 232.46437pt x 233.26736pt.
 [6 <../gfx/elbow1.png> <../gfx/cluster_dist1.png>]
<../gfx/map0.png, id=123, 633.36626pt x 522.95375pt>
File: ../gfx/map0.png Graphic file (type png)
<use ../gfx/map0.png>
Package pdftex.def Info: ../gfx/map0.png  used on input line 128.
(pdftex.def)             Requested size: 253.34201pt x 209.1778pt.
LaTeX Font Info:    Try loading font information for OMS+cmr on input line 133.

 (/usr/share/texlive/texmf-dist/tex/latex/base/omscmr.fd
File: omscmr.fd 2014/09/29 v2.5h Standard LaTeX font definitions
)
LaTeX Font Info:    Font shape `OMS/cmr/m/n' in size <10> not available
(Font)              Font shape `OMS/cmsy/m/n' tried instead on input line 133.
[7 <../gfx/cluster_colour.png> <../gfx/map0.png>]
Underfull \hbox (badness 10000) in paragraph at lines 138--139

 []

<../gfx/map1.png, id=131, 612.2875pt x 522.95375pt>
File: ../gfx/map1.png Graphic file (type png)
<use ../gfx/map1.png>
Package pdftex.def Info: ../gfx/map1.png  used on input line 144.
(pdftex.def)             Requested size: 244.91066pt x 209.1778pt.
[8 <../gfx/map1.png>]
Package atveryend Info: Empty hook `BeforeClearDocument' on input line 160.
 [9]
Package atveryend Info: Empty hook `AfterLastShipout' on input line 160.
 (./report.aux)
Package atveryend Info: Executing hook `AtVeryEndDocument' on input line 160.
Package atveryend Info: Executing hook `AtEndAfterFileList' on input line 160.
Package rerunfilecheck Info: File `report.out' has not changed.
(rerunfilecheck)             Checksum: 95970285C1D4C71D829D8955FA7C9625;264.
Package atveryend Info: Empty hook `AtVeryVeryEnd' on input line 160.
 ) 
Here is how much of TeX's memory you used:
 5189 strings out of 492982
 77605 string characters out of 6134895
 160108 words of memory out of 5000000
 8686 multiletter control sequences out of 15000+600000
 9002 words of font info for 32 fonts, out of 8000000 for 9000
 1141 hyphenation exceptions out of 8191
 28i,7n,28p,650b,405s stack positions out of 5000i,500n,10000p,200000b,80000s
</usr/share/texlive/texmf-dist/fonts/type1/public/amsfonts/cm/cmbx10.pfb></us
r/share/texlive/texmf-dist/fonts/type1/public/amsfonts/cm/cmbx12.pfb></usr/shar
e/texlive/texmf-dist/fonts/type1/public/amsfonts/cm/cmcsc10.pfb></usr/share/tex
live/texmf-dist/fonts/type1/public/amsfonts/cm/cmr10.pfb></usr/share/texlive/te
xmf-dist/fonts/type1/public/amsfonts/cm/cmr12.pfb></usr/share/texlive/texmf-dis
t/fonts/type1/public/amsfonts/cm/cmr17.pfb></usr/share/texlive/texmf-dist/fonts
/type1/public/amsfonts/cm/cmr9.pfb></usr/share/texlive/texmf-dist/fonts/type1/p
ublic/amsfonts/cm/cmsy10.pfb></usr/share/texlive/texmf-dist/fonts/type1/public/
amsfonts/cm/cmti10.pfb></usr/share/texlive/texmf-dist/fonts/type1/public/amsfon
ts/cm/cmtt10.pfb>
Output written on report.pdf (9 pages, 472746 bytes).
PDF statistics:
 185 PDF objects out of 1000 (max. 8388607)
 118 compressed objects within 2 object streams
 31 named destinations out of 1000 (max. 500000)
 159 words of extra memory for PDF output out of 10000 (max. 10000000)

